<?xml version="1.0" encoding="UTF-8"?>
<testsuites name="Mocha Tests" time="40.120000000000005" tests="3" failures="0">
  <testsuite name="Root Suite" timestamp="2020-08-05T18:28:47" tests="0" file="cypress/integration/shared-password-login.js" failures="0" time="0">
  </testsuite>
  <testsuite name="Shared password form" timestamp="2020-08-05T18:28:47" tests="3" failures="0" time="40.120000000000005">
    <testcase name="Shared password form should be loaded in the main page" time="10.349" classname="should be loaded in the main page">
    </testcase>
    <testcase name="Shared password form should display error message if wrong password is provided" time="13.451" classname="should display error message if wrong password is provided">
    </testcase>
    <testcase name="Shared password form should login and display the landing page" time="16.32" classname="should login and display the landing page">
    </testcase>
  </testsuite>
</testsuites>