<?xml version="1.0" encoding="UTF-8"?>
<testsuites name="Mocha Tests" time="0" tests="1" failures="1">
  <testsuite name="Root Suite" timestamp="2020-08-05T18:27:32" tests="0" file="cypress/integration/booking-inquiry-form-desing.js" failures="0" time="0">
  </testsuite>
  <testsuite name="Booking inquiry form design" timestamp="2020-08-05T18:27:32" tests="1" failures="1" time="0">
    <testcase name="Booking inquiry form design should match expected design" time="0" classname="should match expected design">
      <failure message="`cy.visit()` failed trying to load:

https://speakers.cluster1.endvr-digital-dev.com/talent/phil-jackson/booking

The response we received from your web server was:

  &gt; 404: Not Found

This was considered a failure because the status code was not `2xx`.

If you do not want status codes to cause failures pass the option: `failOnStatusCode: false`" type="CypressError"><![CDATA[CypressError: `cy.visit()` failed trying to load:

https://speakers.cluster1.endvr-digital-dev.com/talent/phil-jackson/booking

The response we received from your web server was:

  > 404: Not Found

This was considered a failure because the status code was not `2xx`.

If you do not want status codes to cause failures pass the option: `failOnStatusCode: false`
    at https://speakers.cluster1.endvr-digital-dev.com/__cypress/runner/cypress_runner.js:156582:25
    at visitFailedByErr (https://speakers.cluster1.endvr-digital-dev.com/__cypress/runner/cypress_runner.js:155959:12)
    at https://speakers.cluster1.endvr-digital-dev.com/__cypress/runner/cypress_runner.js:156562:13
    at tryCatcher (https://speakers.cluster1.endvr-digital-dev.com/__cypress/runner/cypress_runner.js:9956:23)
    at Promise._settlePromiseFromHandler (https://speakers.cluster1.endvr-digital-dev.com/__cypress/runner/cypress_runner.js:7891:31)
    at Promise._settlePromise (https://speakers.cluster1.endvr-digital-dev.com/__cypress/runner/cypress_runner.js:7948:18)
    at Promise._settlePromise0 (https://speakers.cluster1.endvr-digital-dev.com/__cypress/runner/cypress_runner.js:7993:10)
    at Promise._settlePromises (https://speakers.cluster1.endvr-digital-dev.com/__cypress/runner/cypress_runner.js:8069:18)
    at _drainQueueStep (https://speakers.cluster1.endvr-digital-dev.com/__cypress/runner/cypress_runner.js:4663:12)
    at _drainQueue (https://speakers.cluster1.endvr-digital-dev.com/__cypress/runner/cypress_runner.js:4656:9)
    at Async.../../node_modules/bluebird/js/release/async.js.Async._drainQueues (https://speakers.cluster1.endvr-digital-dev.com/__cypress/runner/cypress_runner.js:4672:5)
    at Async.drainQueues (https://speakers.cluster1.endvr-digital-dev.com/__cypress/runner/cypress_runner.js:4542:14)
From Your Spec Code:
    at eval (https://speakers.cluster1.endvr-digital-dev.com/__cypress/tests?p=cypress/integration/booking-inquiry-form-desing.js:23:20)
at Array.forEach (<anonymous>)
    at Context.eval (https://speakers.cluster1.endvr-digital-dev.com/__cypress/tests?p=cypress/integration/booking-inquiry-form-desing.js:20:41)]]></failure>
    </testcase>
  </testsuite>
</testsuites>