<?xml version="1.0" encoding="UTF-8"?>
<testsuites name="Mocha Tests" time="0" tests="1" failures="1">
  <testsuite name="Root Suite" timestamp="2020-08-05T18:27:53" tests="0" file="cypress/integration/search-results-design.js" failures="0" time="0">
  </testsuite>
  <testsuite name="Search result design" timestamp="2020-08-05T18:27:53" tests="1" failures="1" time="0">
    <testcase name="Search result design should match expected design" time="0" classname="should match expected design">
      <failure message="The &quot;search-result-iphone-6&quot; image is different. Threshold limit exceeded! 
Expected: 0.1 
Actual: 0.38973677938632234" type="Error"><![CDATA[Error: The "search-result-iphone-6" image is different. Threshold limit exceeded! 
Expected: 0.1 
Actual: 0.38973677938632234
    at Context.eval (https://speakers.cluster1.endvr-digital-dev.com/__cypress/tests?p=cypress/support/index.js:258:17)]]></failure>
    </testcase>
  </testsuite>
</testsuites>